c:\users\hpennycuick\documents\leveleditor\leveleditor\debug\vc142.pdb
c:\users\hpennycuick\documents\leveleditor\leveleditor\debug\vc142.idb
c:\users\hpennycuick\documents\leveleditor\leveleditor\debug\source.obj
c:\users\hpennycuick\documents\leveleditor\leveleditor\debug\menu.obj
c:\users\hpennycuick\documents\leveleditor\leveleditor\debug\game.obj
c:\users\hpennycuick\documents\leveleditor\leveleditor\debug\editor.obj
c:\users\hpennycuick\documents\leveleditor\leveleditor\debug\button.obj
c:\users\drago\documents\gad173assignment3\leveleditor\debug\vc142.pdb
c:\users\drago\documents\gad173assignment3\leveleditor\debug\vc142.idb
c:\users\drago\documents\gad173assignment3\leveleditor\debug\source.obj
c:\users\drago\documents\gad173assignment3\leveleditor\debug\menu.obj
c:\users\drago\documents\gad173assignment3\leveleditor\debug\game.obj
c:\users\drago\documents\gad173assignment3\leveleditor\debug\editor.obj
c:\users\drago\documents\gad173assignment3\leveleditor\debug\button.obj
c:\users\hpennycuick\documents\leveleditor\debug\leveleditor.exe
c:\users\hpennycuick\documents\leveleditor\debug\leveleditor.ilk
c:\users\hpennycuick\documents\leveleditor\debug\leveleditor.pdb
c:\users\drago\documents\gad173assignment3\debug\leveleditor.pdb
c:\users\drago\documents\gad173assignment3\leveleditor\debug\leveleditor.tlog\cl.command.1.tlog
c:\users\drago\documents\gad173assignment3\leveleditor\debug\leveleditor.tlog\cl.read.1.tlog
c:\users\drago\documents\gad173assignment3\leveleditor\debug\leveleditor.tlog\cl.write.1.tlog
c:\users\drago\documents\gad173assignment3\leveleditor\debug\leveleditor.tlog\link.command.1.tlog
c:\users\drago\documents\gad173assignment3\leveleditor\debug\leveleditor.tlog\link.read.1.tlog
c:\users\drago\documents\gad173assignment3\leveleditor\debug\leveleditor.tlog\link.write.1.tlog
